{"G:/学习/项目/暑假/package-analysis-analyze/yes/package-analyser/lib/findHoopAndShow.js": {"path":"G:/学习/项目/暑假/package-analysis-analyze/yes/package-analyser/lib/findHoopAndShow.js","statementMap":{"0":{"start":{"line":2,"column":20},"end":{"line":10,"column":1}},"1":{"start":{"line":3,"column":4},"end":{"line":8,"column":5}},"2":{"start":{"line":3,"column":40},"end":{"line":8,"column":5}},"3":{"start":{"line":3,"column":53},"end":{"line":3,"column":54}},"4":{"start":{"line":3,"column":60},"end":{"line":3,"column":71}},"5":{"start":{"line":4,"column":8},"end":{"line":7,"column":9}},"6":{"start":{"line":5,"column":12},"end":{"line":5,"column":65}},"7":{"start":{"line":5,"column":21},"end":{"line":5,"column":65}},"8":{"start":{"line":6,"column":12},"end":{"line":6,"column":28}},"9":{"start":{"line":9,"column":4},"end":{"line":9,"column":61}},"10":{"start":{"line":11,"column":0},"end":{"line":11,"column":62}},"11":{"start":{"line":19,"column":8},"end":{"line":19,"column":49}},"12":{"start":{"line":21,"column":18},"end":{"line":21,"column":33}},"13":{"start":{"line":28,"column":28},"end":{"line":28,"column":37}},"14":{"start":{"line":29,"column":23},"end":{"line":29,"column":32}},"15":{"start":{"line":30,"column":24},"end":{"line":30,"column":33}},"16":{"start":{"line":32,"column":12},"end":{"line":32,"column":35}},"17":{"start":{"line":34,"column":8},"end":{"line":57,"column":9}},"18":{"start":{"line":34,"column":22},"end":{"line":34,"column":23}},"19":{"start":{"line":34,"column":30},"end":{"line":34,"column":56}},"20":{"start":{"line":35,"column":29},"end":{"line":35,"column":35}},"21":{"start":{"line":36,"column":31},"end":{"line":36,"column":60}},"22":{"start":{"line":38,"column":12},"end":{"line":40,"column":13}},"23":{"start":{"line":39,"column":16},"end":{"line":39,"column":44}},"24":{"start":{"line":42,"column":12},"end":{"line":42,"column":38}},"25":{"start":{"line":44,"column":34},"end":{"line":44,"column":36}},"26":{"start":{"line":45,"column":12},"end":{"line":54,"column":13}},"27":{"start":{"line":45,"column":26},"end":{"line":45,"column":27}},"28":{"start":{"line":45,"column":34},"end":{"line":45,"column":59}},"29":{"start":{"line":46,"column":33},"end":{"line":46,"column":39}},"30":{"start":{"line":47,"column":27},"end":{"line":47,"column":29}},"31":{"start":{"line":48,"column":16},"end":{"line":50,"column":17}},"32":{"start":{"line":49,"column":20},"end":{"line":49,"column":73}},"33":{"start":{"line":51,"column":16},"end":{"line":51,"column":43}},"34":{"start":{"line":52,"column":16},"end":{"line":52,"column":66}},"35":{"start":{"line":53,"column":16},"end":{"line":53,"column":36}},"36":{"start":{"line":56,"column":12},"end":{"line":56,"column":59}},"37":{"start":{"line":58,"column":8},"end":{"line":62,"column":11}},"38":{"start":{"line":59,"column":12},"end":{"line":61,"column":13}},"39":{"start":{"line":60,"column":16},"end":{"line":60,"column":44}},"40":{"start":{"line":63,"column":8},"end":{"line":63,"column":90}},"41":{"start":{"line":65,"column":13},"end":{"line":65,"column":36}},"42":{"start":{"line":65,"column":54},"end":{"line":65,"column":70}},"43":{"start":{"line":65,"column":83},"end":{"line":65,"column":94}},"44":{"start":{"line":65,"column":108},"end":{"line":65,"column":120}},"45":{"start":{"line":75,"column":23},"end":{"line":75,"column":43}},"46":{"start":{"line":76,"column":20},"end":{"line":76,"column":41}},"47":{"start":{"line":78,"column":20},"end":{"line":78,"column":27}},"48":{"start":{"line":79,"column":8},"end":{"line":89,"column":9}},"49":{"start":{"line":80,"column":23},"end":{"line":80,"column":36}},"50":{"start":{"line":82,"column":12},"end":{"line":82,"column":35}},"51":{"start":{"line":83,"column":12},"end":{"line":88,"column":13}},"52":{"start":{"line":83,"column":26},"end":{"line":83,"column":27}},"53":{"start":{"line":83,"column":34},"end":{"line":83,"column":57}},"54":{"start":{"line":84,"column":33},"end":{"line":84,"column":39}},"55":{"start":{"line":85,"column":16},"end":{"line":85,"column":71}},"56":{"start":{"line":86,"column":16},"end":{"line":87,"column":43}},"57":{"start":{"line":87,"column":20},"end":{"line":87,"column":43}},"58":{"start":{"line":90,"column":19},"end":{"line":90,"column":24}},"59":{"start":{"line":91,"column":8},"end":{"line":93,"column":9}},"60":{"start":{"line":92,"column":12},"end":{"line":92,"column":24}},"61":{"start":{"line":94,"column":19},"end":{"line":96,"column":21}},"62":{"start":{"line":95,"column":12},"end":{"line":95,"column":54}},"63":{"start":{"line":97,"column":26},"end":{"line":107,"column":21}},"64":{"start":{"line":98,"column":23},"end":{"line":98,"column":43}},"65":{"start":{"line":99,"column":26},"end":{"line":99,"column":46}},"66":{"start":{"line":100,"column":12},"end":{"line":106,"column":13}},"67":{"start":{"line":101,"column":31},"end":{"line":101,"column":46}},"68":{"start":{"line":102,"column":16},"end":{"line":102,"column":107}},"69":{"start":{"line":105,"column":16},"end":{"line":105,"column":50}},"70":{"start":{"line":108,"column":8},"end":{"line":108,"column":81}},"71":{"start":{"line":110,"column":4},"end":{"line":110,"column":63}},"72":{"start":{"line":112,"column":0},"end":{"line":112,"column":28}}},"fnMap":{"0":{"name":"(anonymous_0)","decl":{"start":{"line":2,"column":52},"end":{"line":2,"column":60}},"loc":{"start":{"line":2,"column":78},"end":{"line":10,"column":1}}},"1":{"name":"default_1","decl":{"start":{"line":12,"column":9},"end":{"line":12,"column":18}},"loc":{"start":{"line":12,"column":25},"end":{"line":111,"column":1}}},"2":{"name":"jsonToMap","decl":{"start":{"line":18,"column":13},"end":{"line":18,"column":22}},"loc":{"start":{"line":18,"column":33},"end":{"line":20,"column":5}}},"3":{"name":"typeConversion","decl":{"start":{"line":27,"column":13},"end":{"line":27,"column":27}},"loc":{"start":{"line":27,"column":37},"end":{"line":64,"column":5}}},"4":{"name":"isValidKey","decl":{"start":{"line":31,"column":17},"end":{"line":31,"column":27}},"loc":{"start":{"line":31,"column":43},"end":{"line":33,"column":9}}},"5":{"name":"(anonymous_5)","decl":{"start":{"line":58,"column":44},"end":{"line":58,"column":52}},"loc":{"start":{"line":58,"column":60},"end":{"line":62,"column":9}}},"6":{"name":"findHoopAndShow","decl":{"start":{"line":73,"column":13},"end":{"line":73,"column":28}},"loc":{"start":{"line":73,"column":65},"end":{"line":109,"column":5}}},"7":{"name":"(anonymous_7)","decl":{"start":{"line":94,"column":57},"end":{"line":94,"column":65}},"loc":{"start":{"line":94,"column":80},"end":{"line":96,"column":9}}},"8":{"name":"(anonymous_8)","decl":{"start":{"line":97,"column":57},"end":{"line":97,"column":65}},"loc":{"start":{"line":97,"column":80},"end":{"line":107,"column":9}}}},"branchMap":{"0":{"loc":{"start":{"line":2,"column":20},"end":{"line":10,"column":1}},"type":"binary-expr","locations":[{"start":{"line":2,"column":21},"end":{"line":2,"column":25}},{"start":{"line":2,"column":29},"end":{"line":2,"column":47}},{"start":{"line":2,"column":52},"end":{"line":10,"column":1}}]},"1":{"loc":{"start":{"line":3,"column":4},"end":{"line":8,"column":5}},"type":"if","locations":[{"start":{"line":3,"column":4},"end":{"line":8,"column":5}},{"start":{"line":3,"column":4},"end":{"line":8,"column":5}}]},"2":{"loc":{"start":{"line":3,"column":8},"end":{"line":3,"column":38}},"type":"binary-expr","locations":[{"start":{"line":3,"column":8},"end":{"line":3,"column":12}},{"start":{"line":3,"column":16},"end":{"line":3,"column":38}}]},"3":{"loc":{"start":{"line":4,"column":8},"end":{"line":7,"column":9}},"type":"if","locations":[{"start":{"line":4,"column":8},"end":{"line":7,"column":9}},{"start":{"line":4,"column":8},"end":{"line":7,"column":9}}]},"4":{"loc":{"start":{"line":4,"column":12},"end":{"line":4,"column":30}},"type":"binary-expr","locations":[{"start":{"line":4,"column":12},"end":{"line":4,"column":14}},{"start":{"line":4,"column":18},"end":{"line":4,"column":30}}]},"5":{"loc":{"start":{"line":5,"column":12},"end":{"line":5,"column":65}},"type":"if","locations":[{"start":{"line":5,"column":12},"end":{"line":5,"column":65}},{"start":{"line":5,"column":12},"end":{"line":5,"column":65}}]},"6":{"loc":{"start":{"line":9,"column":21},"end":{"line":9,"column":59}},"type":"binary-expr","locations":[{"start":{"line":9,"column":21},"end":{"line":9,"column":23}},{"start":{"line":9,"column":27},"end":{"line":9,"column":59}}]},"7":{"loc":{"start":{"line":36,"column":31},"end":{"line":36,"column":60}},"type":"binary-expr","locations":[{"start":{"line":36,"column":31},"end":{"line":36,"column":54}},{"start":{"line":36,"column":58},"end":{"line":36,"column":60}}]},"8":{"loc":{"start":{"line":38,"column":12},"end":{"line":40,"column":13}},"type":"if","locations":[{"start":{"line":38,"column":12},"end":{"line":40,"column":13}},{"start":{"line":38,"column":12},"end":{"line":40,"column":13}}]},"9":{"loc":{"start":{"line":48,"column":16},"end":{"line":50,"column":17}},"type":"if","locations":[{"start":{"line":48,"column":16},"end":{"line":50,"column":17}},{"start":{"line":48,"column":16},"end":{"line":50,"column":17}}]},"10":{"loc":{"start":{"line":52,"column":36},"end":{"line":52,"column":59}},"type":"binary-expr","locations":[{"start":{"line":52,"column":36},"end":{"line":52,"column":54}},{"start":{"line":52,"column":58},"end":{"line":52,"column":59}}]},"11":{"loc":{"start":{"line":59,"column":12},"end":{"line":61,"column":13}},"type":"if","locations":[{"start":{"line":59,"column":12},"end":{"line":61,"column":13}},{"start":{"line":59,"column":12},"end":{"line":61,"column":13}}]},"12":{"loc":{"start":{"line":86,"column":16},"end":{"line":87,"column":43}},"type":"if","locations":[{"start":{"line":86,"column":16},"end":{"line":87,"column":43}},{"start":{"line":86,"column":16},"end":{"line":87,"column":43}}]},"13":{"loc":{"start":{"line":91,"column":8},"end":{"line":93,"column":9}},"type":"if","locations":[{"start":{"line":91,"column":8},"end":{"line":93,"column":9}},{"start":{"line":91,"column":8},"end":{"line":93,"column":9}}]},"14":{"loc":{"start":{"line":100,"column":12},"end":{"line":106,"column":13}},"type":"if","locations":[{"start":{"line":100,"column":12},"end":{"line":106,"column":13}},{"start":{"line":104,"column":17},"end":{"line":106,"column":13}}]}},"s":{"0":1,"1":0,"2":0,"3":0,"4":0,"5":0,"6":0,"7":0,"8":0,"9":0,"10":1,"11":0,"12":0,"13":0,"14":0,"15":0,"16":0,"17":0,"18":0,"19":0,"20":0,"21":0,"22":0,"23":0,"24":0,"25":0,"26":0,"27":0,"28":0,"29":0,"30":0,"31":0,"32":0,"33":0,"34":0,"35":0,"36":0,"37":0,"38":0,"39":0,"40":0,"41":0,"42":0,"43":0,"44":0,"45":0,"46":0,"47":0,"48":0,"49":0,"50":0,"51":0,"52":0,"53":0,"54":0,"55":0,"56":0,"57":0,"58":0,"59":0,"60":0,"61":0,"62":0,"63":0,"64":0,"65":0,"66":0,"67":0,"68":0,"69":0,"70":0,"71":0,"72":1},"f":{"0":0,"1":0,"2":0,"3":0,"4":0,"5":0,"6":0,"7":0,"8":0},"b":{"0":[1,1,1],"1":[0,0],"2":[0,0],"3":[0,0],"4":[0,0],"5":[0,0],"6":[0,0],"7":[0,0],"8":[0,0],"9":[0,0],"10":[0,0],"11":[0,0],"12":[0,0],"13":[0,0],"14":[0,0]}}
,"G:/学习/项目/暑假/package-analysis-analyze/yes/package-analyser/lib/analysisDepend/utils.js": {"path":"G:/学习/项目/暑假/package-analysis-analyze/yes/package-analyser/lib/analysisDepend/utils.js","statementMap":{"0":{"start":{"line":2,"column":0},"end":{"line":2,"column":62}},"1":{"start":{"line":3,"column":0},"end":{"line":3,"column":150}},"2":{"start":{"line":4,"column":13},"end":{"line":4,"column":30}},"3":{"start":{"line":11,"column":19},"end":{"line":24,"column":1}},"4":{"start":{"line":12,"column":17},"end":{"line":12,"column":84}},"5":{"start":{"line":12,"column":65},"end":{"line":12,"column":81}},"6":{"start":{"line":13,"column":4},"end":{"line":17,"column":7}},"7":{"start":{"line":15,"column":8},"end":{"line":16,"column":46}},"8":{"start":{"line":16,"column":12},"end":{"line":16,"column":46}},"9":{"start":{"line":18,"column":4},"end":{"line":22,"column":5}},"10":{"start":{"line":18,"column":18},"end":{"line":18,"column":19}},"11":{"start":{"line":18,"column":32},"end":{"line":18,"column":38}},"12":{"start":{"line":19,"column":20},"end":{"line":19,"column":32}},"13":{"start":{"line":20,"column":8},"end":{"line":21,"column":24}},"14":{"start":{"line":21,"column":12},"end":{"line":21,"column":24}},"15":{"start":{"line":23,"column":4},"end":{"line":23,"column":17}},"16":{"start":{"line":25,"column":0},"end":{"line":25,"column":36}},"17":{"start":{"line":28,"column":4},"end":{"line":28,"column":50}},"18":{"start":{"line":30,"column":0},"end":{"line":30,"column":52}},"19":{"start":{"line":33,"column":14},"end":{"line":33,"column":38}},"20":{"start":{"line":34,"column":18},"end":{"line":34,"column":27}},"21":{"start":{"line":35,"column":15},"end":{"line":35,"column":30}},"22":{"start":{"line":36,"column":4},"end":{"line":39,"column":6}},"23":{"start":{"line":41,"column":0},"end":{"line":41,"column":44}},"24":{"start":{"line":42,"column":18},"end":{"line":44,"column":1}},"25":{"start":{"line":43,"column":4},"end":{"line":43,"column":35}},"26":{"start":{"line":45,"column":0},"end":{"line":45,"column":34}},"27":{"start":{"line":47,"column":4},"end":{"line":47,"column":39}},"28":{"start":{"line":47,"column":27},"end":{"line":47,"column":37}},"29":{"start":{"line":48,"column":24},"end":{"line":55,"column":10}},"30":{"start":{"line":49,"column":17},"end":{"line":49,"column":46}},"31":{"start":{"line":49,"column":55},"end":{"line":49,"column":62}},"32":{"start":{"line":49,"column":74},"end":{"line":49,"column":84}},"33":{"start":{"line":50,"column":8},"end":{"line":51,"column":27}},"34":{"start":{"line":51,"column":12},"end":{"line":51,"column":27}},"35":{"start":{"line":52,"column":8},"end":{"line":53,"column":36}},"36":{"start":{"line":53,"column":12},"end":{"line":53,"column":36}},"37":{"start":{"line":54,"column":8},"end":{"line":54,"column":19}},"38":{"start":{"line":56,"column":4},"end":{"line":56,"column":25}},"39":{"start":{"line":58,"column":0},"end":{"line":58,"column":70}}},"fnMap":{"0":{"name":"(anonymous_0)","decl":{"start":{"line":11,"column":19},"end":{"line":11,"column":27}},"loc":{"start":{"line":11,"column":56},"end":{"line":24,"column":1}}},"1":{"name":"(anonymous_1)","decl":{"start":{"line":12,"column":50},"end":{"line":12,"column":58}},"loc":{"start":{"line":12,"column":63},"end":{"line":12,"column":83}}},"2":{"name":"(anonymous_2)","decl":{"start":{"line":13,"column":19},"end":{"line":13,"column":27}},"loc":{"start":{"line":13,"column":41},"end":{"line":17,"column":5}}},"3":{"name":"nameVersionStringify","decl":{"start":{"line":27,"column":9},"end":{"line":27,"column":29}},"loc":{"start":{"line":27,"column":45},"end":{"line":29,"column":1}}},"4":{"name":"nameVersionParse","decl":{"start":{"line":32,"column":9},"end":{"line":32,"column":25}},"loc":{"start":{"line":32,"column":39},"end":{"line":40,"column":1}}},"5":{"name":"(anonymous_5)","decl":{"start":{"line":42,"column":18},"end":{"line":42,"column":26}},"loc":{"start":{"line":42,"column":31},"end":{"line":44,"column":1}}},"6":{"name":"dependHash_To_nameVersionsObj","decl":{"start":{"line":46,"column":9},"end":{"line":46,"column":38}},"loc":{"start":{"line":46,"column":45},"end":{"line":57,"column":1}}},"7":{"name":"(anonymous_7)","decl":{"start":{"line":48,"column":49},"end":{"line":48,"column":57}},"loc":{"start":{"line":48,"column":77},"end":{"line":55,"column":5}}}},"branchMap":{"0":{"loc":{"start":{"line":15,"column":8},"end":{"line":16,"column":46}},"type":"if","locations":[{"start":{"line":15,"column":8},"end":{"line":16,"column":46}},{"start":{"line":15,"column":8},"end":{"line":16,"column":46}}]},"1":{"loc":{"start":{"line":20,"column":8},"end":{"line":21,"column":24}},"type":"if","locations":[{"start":{"line":20,"column":8},"end":{"line":21,"column":24}},{"start":{"line":20,"column":8},"end":{"line":21,"column":24}}]},"2":{"loc":{"start":{"line":47,"column":4},"end":{"line":47,"column":39}},"type":"if","locations":[{"start":{"line":47,"column":4},"end":{"line":47,"column":39}},{"start":{"line":47,"column":4},"end":{"line":47,"column":39}}]},"3":{"loc":{"start":{"line":50,"column":8},"end":{"line":51,"column":27}},"type":"if","locations":[{"start":{"line":50,"column":8},"end":{"line":51,"column":27}},{"start":{"line":50,"column":8},"end":{"line":51,"column":27}}]},"4":{"loc":{"start":{"line":52,"column":8},"end":{"line":53,"column":36}},"type":"if","locations":[{"start":{"line":52,"column":8},"end":{"line":53,"column":36}},{"start":{"line":52,"column":8},"end":{"line":53,"column":36}}]}},"s":{"0":1,"1":1,"2":1,"3":1,"4":0,"5":0,"6":0,"7":0,"8":0,"9":0,"10":0,"11":0,"12":0,"13":0,"14":0,"15":0,"16":1,"17":0,"18":1,"19":0,"20":0,"21":0,"22":0,"23":1,"24":1,"25":0,"26":1,"27":0,"28":0,"29":0,"30":0,"31":0,"32":0,"33":0,"34":0,"35":0,"36":0,"37":0,"38":0,"39":1},"f":{"0":0,"1":0,"2":0,"3":0,"4":0,"5":0,"6":0,"7":0},"b":{"0":[0,0],"1":[0,0],"2":[0,0],"3":[0,0],"4":[0,0]}}
,"G:/学习/项目/暑假/package-analysis-analyze/yes/package-analyser/lib/analysisDepend/utilsMock.js": {"path":"G:/学习/项目/暑假/package-analysis-analyze/yes/package-analyser/lib/analysisDepend/utilsMock.js","statementMap":{"0":{"start":{"line":2,"column":0},"end":{"line":2,"column":62}},"1":{"start":{"line":3,"column":0},"end":{"line":3,"column":154}},"2":{"start":{"line":4,"column":11},"end":{"line":332,"column":1}},"3":{"start":{"line":333,"column":0},"end":{"line":336,"column":2}},"4":{"start":{"line":337,"column":0},"end":{"line":340,"column":2}},"5":{"start":{"line":341,"column":0},"end":{"line":347,"column":2}},"6":{"start":{"line":348,"column":0},"end":{"line":351,"column":2}},"7":{"start":{"line":352,"column":0},"end":{"line":468,"column":2}}},"fnMap":{},"branchMap":{},"s":{"0":1,"1":1,"2":1,"3":1,"4":1,"5":1,"6":1,"7":1},"f":{},"b":{}}
}
