{"G:\\学习\\项目\\暑假\\package-analysis-analyze\\yes\\package-analyser\\dist\\lib\\analysisDepend\\utils.js":{"path":"G:\\学习\\项目\\暑假\\package-analysis-analyze\\yes\\package-analyser\\dist\\lib\\analysisDepend\\utils.js","s":{"1":1,"2":1,"3":1,"4":1,"5":0,"6":0,"7":0,"8":0,"9":0,"10":0,"11":0,"12":0,"13":0,"14":0,"15":1,"16":1,"17":0,"18":1,"19":1,"20":0,"21":0,"22":0,"23":0,"24":1,"25":1,"26":0,"27":1,"28":1,"29":0,"30":0,"31":0,"32":0,"33":0,"34":0,"35":0,"36":0,"37":0,"38":0,"39":1},"b":{"1":[0,0],"2":[0,0],"3":[0,0],"4":[0,0],"5":[0,0]},"f":{"1":0,"2":0,"3":0,"4":0,"5":0,"6":0,"7":0,"8":0},"fnMap":{"1":{"name":"(anonymous_1)","line":5,"loc":{"start":{"line":5,"column":19},"end":{"line":5,"column":56}}},"2":{"name":"(anonymous_2)","line":6,"loc":{"start":{"line":6,"column":50},"end":{"line":6,"column":63}}},"3":{"name":"(anonymous_3)","line":7,"loc":{"start":{"line":7,"column":19},"end":{"line":7,"column":41}}},"4":{"name":"nameVersionStringify","line":19,"loc":{"start":{"line":19,"column":0},"end":{"line":19,"column":45}}},"5":{"name":"nameVersionParse","line":23,"loc":{"start":{"line":23,"column":0},"end":{"line":23,"column":39}}},"6":{"name":"(anonymous_6)","line":33,"loc":{"start":{"line":33,"column":18},"end":{"line":33,"column":31}}},"7":{"name":"dependHash_To_nameVersionsObj","line":37,"loc":{"start":{"line":37,"column":0},"end":{"line":37,"column":45}}},"8":{"name":"(anonymous_8)","line":39,"loc":{"start":{"line":39,"column":49},"end":{"line":39,"column":77}}}},"statementMap":{"1":{"start":{"line":2,"column":0},"end":{"line":2,"column":62}},"2":{"start":{"line":3,"column":0},"end":{"line":3,"column":150}},"3":{"start":{"line":4,"column":0},"end":{"line":4,"column":31}},"4":{"start":{"line":5,"column":0},"end":{"line":17,"column":2}},"5":{"start":{"line":6,"column":4},"end":{"line":6,"column":85}},"6":{"start":{"line":6,"column":65},"end":{"line":6,"column":81}},"7":{"start":{"line":7,"column":4},"end":{"line":10,"column":7}},"8":{"start":{"line":8,"column":8},"end":{"line":9,"column":46}},"9":{"start":{"line":9,"column":12},"end":{"line":9,"column":46}},"10":{"start":{"line":11,"column":4},"end":{"line":15,"column":5}},"11":{"start":{"line":12,"column":8},"end":{"line":12,"column":33}},"12":{"start":{"line":13,"column":8},"end":{"line":14,"column":24}},"13":{"start":{"line":14,"column":12},"end":{"line":14,"column":24}},"14":{"start":{"line":16,"column":4},"end":{"line":16,"column":17}},"15":{"start":{"line":18,"column":0},"end":{"line":18,"column":36}},"16":{"start":{"line":19,"column":0},"end":{"line":21,"column":1}},"17":{"start":{"line":20,"column":4},"end":{"line":20,"column":50}},"18":{"start":{"line":22,"column":0},"end":{"line":22,"column":52}},"19":{"start":{"line":23,"column":0},"end":{"line":31,"column":1}},"20":{"start":{"line":24,"column":4},"end":{"line":24,"column":39}},"21":{"start":{"line":25,"column":4},"end":{"line":25,"column":28}},"22":{"start":{"line":26,"column":4},"end":{"line":26,"column":31}},"23":{"start":{"line":27,"column":4},"end":{"line":30,"column":6}},"24":{"start":{"line":32,"column":0},"end":{"line":32,"column":44}},"25":{"start":{"line":33,"column":0},"end":{"line":35,"column":2}},"26":{"start":{"line":34,"column":4},"end":{"line":34,"column":35}},"27":{"start":{"line":36,"column":0},"end":{"line":36,"column":34}},"28":{"start":{"line":37,"column":0},"end":{"line":48,"column":1}},"29":{"start":{"line":38,"column":4},"end":{"line":38,"column":39}},"30":{"start":{"line":38,"column":27},"end":{"line":38,"column":37}},"31":{"start":{"line":39,"column":4},"end":{"line":46,"column":11}},"32":{"start":{"line":40,"column":8},"end":{"line":40,"column":85}},"33":{"start":{"line":41,"column":8},"end":{"line":42,"column":27}},"34":{"start":{"line":42,"column":12},"end":{"line":42,"column":27}},"35":{"start":{"line":43,"column":8},"end":{"line":44,"column":36}},"36":{"start":{"line":44,"column":12},"end":{"line":44,"column":36}},"37":{"start":{"line":45,"column":8},"end":{"line":45,"column":19}},"38":{"start":{"line":47,"column":4},"end":{"line":47,"column":25}},"39":{"start":{"line":49,"column":0},"end":{"line":49,"column":70}}},"branchMap":{"1":{"line":8,"type":"if","locations":[{"start":{"line":8,"column":8},"end":{"line":8,"column":8}},{"start":{"line":8,"column":8},"end":{"line":8,"column":8}}]},"2":{"line":13,"type":"if","locations":[{"start":{"line":13,"column":8},"end":{"line":13,"column":8}},{"start":{"line":13,"column":8},"end":{"line":13,"column":8}}]},"3":{"line":38,"type":"if","locations":[{"start":{"line":38,"column":4},"end":{"line":38,"column":4}},{"start":{"line":38,"column":4},"end":{"line":38,"column":4}}]},"4":{"line":41,"type":"if","locations":[{"start":{"line":41,"column":8},"end":{"line":41,"column":8}},{"start":{"line":41,"column":8},"end":{"line":41,"column":8}}]},"5":{"line":43,"type":"if","locations":[{"start":{"line":43,"column":8},"end":{"line":43,"column":8}},{"start":{"line":43,"column":8},"end":{"line":43,"column":8}}]}}},"G:\\学习\\项目\\暑假\\package-analysis-analyze\\yes\\package-analyser\\dist\\lib\\analysisDepend\\utilsMock.js":{"path":"G:\\学习\\项目\\暑假\\package-analysis-analyze\\yes\\package-analyser\\dist\\lib\\analysisDepend\\utilsMock.js","s":{"1":1,"2":1,"3":1,"4":1,"5":1,"6":1,"7":1,"8":1},"b":{},"f":{},"fnMap":{},"statementMap":{"1":{"start":{"line":2,"column":0},"end":{"line":2,"column":62}},"2":{"start":{"line":3,"column":0},"end":{"line":3,"column":154}},"3":{"start":{"line":4,"column":0},"end":{"line":332,"column":2}},"4":{"start":{"line":333,"column":0},"end":{"line":336,"column":2}},"5":{"start":{"line":337,"column":0},"end":{"line":340,"column":2}},"6":{"start":{"line":341,"column":0},"end":{"line":347,"column":2}},"7":{"start":{"line":348,"column":0},"end":{"line":351,"column":2}},"8":{"start":{"line":352,"column":0},"end":{"line":468,"column":2}}},"branchMap":{}}}