TN:
SF:G:\学习\项目\暑假\package-analysis-analyze\yes\package-analyser\dist\lib\analysisDepend\utils.js
FN:5,(anonymous_1)
FN:6,(anonymous_2)
FN:7,(anonymous_3)
FN:19,nameVersionStringify
FN:23,nameVersionParse
FN:33,(anonymous_6)
FN:37,dependHash_To_nameVersionsObj
FN:39,(anonymous_8)
FNF:8
FNH:0
FNDA:0,(anonymous_1)
FNDA:0,(anonymous_2)
FNDA:0,(anonymous_3)
FNDA:0,nameVersionStringify
FNDA:0,nameVersionParse
FNDA:0,(anonymous_6)
FNDA:0,dependHash_To_nameVersionsObj
FNDA:0,(anonymous_8)
DA:2,1
DA:3,1
DA:4,1
DA:5,1
DA:6,0
DA:7,0
DA:8,0
DA:9,0
DA:11,0
DA:12,0
DA:13,0
DA:14,0
DA:16,0
DA:18,1
DA:19,1
DA:20,0
DA:22,1
DA:23,1
DA:24,0
DA:25,0
DA:26,0
DA:27,0
DA:32,1
DA:33,1
DA:34,0
DA:36,1
DA:37,1
DA:38,0
DA:39,0
DA:40,0
DA:41,0
DA:42,0
DA:43,0
DA:44,0
DA:45,0
DA:47,0
DA:49,1
LF:37
LH:13
BRDA:8,1,0,0
BRDA:8,1,1,0
BRDA:13,2,0,0
BRDA:13,2,1,0
BRDA:38,3,0,0
BRDA:38,3,1,0
BRDA:41,4,0,0
BRDA:41,4,1,0
BRDA:43,5,0,0
BRDA:43,5,1,0
BRF:10
BRH:0
end_of_record
TN:
SF:G:\学习\项目\暑假\package-analysis-analyze\yes\package-analyser\dist\lib\analysisDepend\utilsMock.js
FNF:0
FNH:0
DA:2,1
DA:3,1
DA:4,1
DA:333,1
DA:337,1
DA:341,1
DA:348,1
DA:352,1
LF:8
LH:8
BRF:0
BRH:0
end_of_record
